{"level":"error","message":"Error creating capsule: CapsuleModel is not a constructor","stack":"TypeError: CapsuleModel is not a constructor\n    at CapsuleService.create (D:\\Capsule\\backend\\api\\services\\capsule.service.js:8:23)\n    at D:\\Capsule\\backend\\api\\controllers\\capsule.controller.js:14:40\n    at D:\\Capsule\\backend\\api\\middlewares\\async.middleware.js:2:19\n    at Layer.handle [as handle_request] (D:\\Capsule\\backend\\node_modules\\express\\lib\\router\\layer.js:95:5)\n    at next (D:\\Capsule\\backend\\node_modules\\express\\lib\\router\\route.js:149:13)\n    at Route.dispatch (D:\\Capsule\\backend\\node_modules\\express\\lib\\router\\route.js:119:3)\n    at Layer.handle [as handle_request] (D:\\Capsule\\backend\\node_modules\\express\\lib\\router\\layer.js:95:5)\n    at D:\\Capsule\\backend\\node_modules\\express\\lib\\router\\index.js:284:15\n    at Function.process_params (D:\\Capsule\\backend\\node_modules\\express\\lib\\router\\index.js:346:12)\n    at next (D:\\Capsule\\backend\\node_modules\\express\\lib\\router\\index.js:280:10)","timestamp":"2025-01-10T15:52:23.897Z"}
{"level":"error","timestamp":"2025-01-10T15:52:23.908Z"}
{"isOperational":true,"level":"error","status":"fail","statusCode":404,"timestamp":"2025-01-10T16:03:48.619Z"}
{"isOperational":true,"level":"error","status":"fail","statusCode":404,"timestamp":"2025-01-10T16:05:20.029Z"}
{"level":"error","timestamp":"2025-01-10T16:12:01.271Z"}
{"isOperational":true,"level":"error","message":"Login error: Invalid credentials","stack":"Error: Invalid credentials\n    at AuthService.login (D:\\Capsule\\backend\\api\\services\\auth.service.js:33:15)\n    at async D:\\Capsule\\backend\\api\\controllers\\auth.controller.js:22:27","status":"fail","statusCode":400,"timestamp":"2025-01-12T08:09:48.982Z"}
{"isOperational":true,"level":"error","status":"fail","statusCode":400,"timestamp":"2025-01-12T08:09:48.985Z"}
{"isOperational":true,"level":"error","status":"fail","statusCode":400,"timestamp":"2025-01-12T08:30:20.139Z"}
{"level":"error","name":"UnauthorizedError","statusCode":401,"timestamp":"2025-01-12T08:59:51.464Z"}
{"level":"error","name":"UnauthorizedError","statusCode":401,"timestamp":"2025-01-12T08:59:51.484Z"}
{"level":"error","name":"UnauthorizedError","statusCode":401,"timestamp":"2025-01-12T09:00:29.625Z"}
{"level":"error","name":"UnauthorizedError","statusCode":401,"timestamp":"2025-01-12T09:00:29.634Z"}
{"level":"error","name":"UnauthorizedError","statusCode":401,"timestamp":"2025-01-12T09:05:11.180Z"}
{"level":"error","name":"UnauthorizedError","statusCode":401,"timestamp":"2025-01-12T10:26:33.631Z"}
{"level":"error","name":"UnauthorizedError","statusCode":401,"timestamp":"2025-01-12T10:26:33.638Z"}
{"level":"error","name":"UnauthorizedError","statusCode":401,"timestamp":"2025-01-12T10:27:04.415Z"}
{"level":"error","name":"UnauthorizedError","statusCode":401,"timestamp":"2025-01-12T10:27:04.428Z"}
{"level":"error","name":"UnauthorizedError","statusCode":401,"timestamp":"2025-01-12T10:27:18.915Z"}
{"level":"error","name":"UnauthorizedError","statusCode":401,"timestamp":"2025-01-12T10:27:18.928Z"}
{"level":"error","name":"UnauthorizedError","statusCode":401,"timestamp":"2025-01-12T10:27:46.433Z"}
{"level":"error","name":"UnauthorizedError","statusCode":401,"timestamp":"2025-01-12T10:27:46.467Z"}
{"level":"error","name":"UnauthorizedError","statusCode":401,"timestamp":"2025-01-12T10:27:59.127Z"}
{"level":"error","name":"UnauthorizedError","statusCode":401,"timestamp":"2025-01-12T10:27:59.137Z"}
{"level":"error","name":"UnauthorizedError","statusCode":401,"timestamp":"2025-01-12T10:28:33.607Z"}
{"level":"error","name":"UnauthorizedError","statusCode":401,"timestamp":"2025-01-12T10:28:33.614Z"}
{"isOperational":true,"level":"error","status":"fail","statusCode":400,"timestamp":"2025-01-12T10:31:57.995Z"}
{"isOperational":true,"level":"error","status":"fail","statusCode":400,"timestamp":"2025-01-12T10:32:19.003Z"}
{"isOperational":true,"level":"error","message":"Registration error: Email already exists","stack":"Error: Email already exists\n    at AuthService.register (D:\\Capsule\\backend\\api\\services\\auth.service.js:10:15)\n    at process.processTicksAndRejections (node:internal/process/task_queues:105:5)\n    at async D:\\Capsule\\backend\\api\\controllers\\auth.controller.js:6:27","status":"fail","statusCode":400,"timestamp":"2025-01-12T10:33:58.964Z"}
{"isOperational":true,"level":"error","status":"fail","statusCode":400,"timestamp":"2025-01-12T10:33:58.968Z"}
{"level":"error","name":"UnauthorizedError","statusCode":401,"timestamp":"2025-01-12T10:38:16.031Z"}
{"level":"error","name":"UnauthorizedError","statusCode":401,"timestamp":"2025-01-12T10:38:24.175Z"}
{"level":"error","message":"Error creating capsule: image is not defined","stack":"ReferenceError: image is not defined\n    at CapsuleService.create (D:\\Capsule\\backend\\api\\services\\capsule.service.js:10:9)\n    at D:\\Capsule\\backend\\api\\controllers\\capsule.controller.js:14:40\n    at D:\\Capsule\\backend\\api\\middlewares\\async.middleware.js:2:19\n    at Layer.handle [as handle_request] (D:\\Capsule\\backend\\node_modules\\express\\lib\\router\\layer.js:95:5)\n    at next (D:\\Capsule\\backend\\node_modules\\express\\lib\\router\\route.js:149:13)\n    at done (D:\\Capsule\\backend\\node_modules\\multer\\lib\\make-middleware.js:45:7)\n    at indicateDone (D:\\Capsule\\backend\\node_modules\\multer\\lib\\make-middleware.js:49:68)\n    at D:\\Capsule\\backend\\node_modules\\multer\\lib\\make-middleware.js:155:11\n    at WriteStream.<anonymous> (D:\\Capsule\\backend\\node_modules\\multer\\storage\\disk.js:43:9)\n    at WriteStream.emit (node:events:530:35)","timestamp":"2025-01-12T11:26:59.560Z"}
{"level":"error","timestamp":"2025-01-12T11:26:59.569Z"}
{"level":"error","name":"UnauthorizedError","statusCode":401,"timestamp":"2025-01-12T12:48:59.479Z"}
{"level":"error","name":"UnauthorizedError","statusCode":401,"timestamp":"2025-01-12T12:50:03.177Z"}
{"level":"error","name":"UnauthorizedError","statusCode":401,"timestamp":"2025-01-12T12:50:24.759Z"}
{"level":"error","name":"UnauthorizedError","statusCode":401,"timestamp":"2025-01-12T12:51:26.223Z"}
{"level":"error","timestamp":"2025-01-12T12:51:43.454Z"}
{"level":"error","timestamp":"2025-01-12T12:51:43.474Z"}
{"level":"error","name":"UnauthorizedError","statusCode":401,"timestamp":"2025-01-12T14:51:40.907Z"}
